{"/home/cypher/socio-backend/app.js": {"path":"/home/cypher/socio-backend/app.js","statementMap":{"0":{"start":{"line":1,"column":16},"end":{"line":1,"column":34}},"1":{"start":{"line":2,"column":12},"end":{"line":2,"column":21}},"2":{"start":{"line":3,"column":15},"end":{"line":3,"column":43}},"3":{"start":{"line":4,"column":21},"end":{"line":4,"column":58}},"4":{"start":{"line":6,"column":0},"end":{"line":6,"column":23}},"5":{"start":{"line":7,"column":0},"end":{"line":7,"column":47}},"6":{"start":{"line":9,"column":0},"end":{"line":9,"column":20}},"7":{"start":{"line":10,"column":0},"end":{"line":10,"column":21}},"8":{"start":{"line":12,"column":0},"end":{"line":12,"column":20}}},"fnMap":{},"branchMap":{},"s":{"0":1,"1":1,"2":1,"3":1,"4":1,"5":1,"6":1,"7":1,"8":1},"f":{},"b":{},"_coverageSchema":"1a1c01bbd47fc00a2c39e90264f33305004495a9","hash":"2918bf30e60954acba66ac3fd33cc2b813521838"}
,"/home/cypher/socio-backend/config/constants.js": {"path":"/home/cypher/socio-backend/config/constants.js","statementMap":{"0":{"start":{"line":1,"column":22},"end":{"line":1,"column":47}},"1":{"start":{"line":2,"column":21},"end":{"line":2,"column":45}},"2":{"start":{"line":3,"column":19},"end":{"line":3,"column":41}},"3":{"start":{"line":5,"column":0},"end":{"line":5,"column":60}}},"fnMap":{},"branchMap":{},"s":{"0":1,"1":1,"2":1,"3":1},"f":{},"b":{},"_coverageSchema":"1a1c01bbd47fc00a2c39e90264f33305004495a9","hash":"c92426f5ab54fbc004adef137dad32ba818177b9"}
,"/home/cypher/socio-backend/config/mongodb.js": {"path":"/home/cypher/socio-backend/config/mongodb.js","statementMap":{"0":{"start":{"line":1,"column":24},"end":{"line":1,"column":42}},"1":{"start":{"line":2,"column":40},"end":{"line":2,"column":62}},"2":{"start":{"line":4,"column":12},"end":{"line":4,"column":24}},"3":{"start":{"line":5,"column":15},"end":{"line":5,"column":65}},"4":{"start":{"line":6,"column":15},"end":{"line":6,"column":19}},"5":{"start":{"line":9,"column":2},"end":{"line":19,"column":3}},"6":{"start":{"line":10,"column":4},"end":{"line":10,"column":26}},"7":{"start":{"line":11,"column":23},"end":{"line":11,"column":36}},"8":{"start":{"line":12,"column":4},"end":{"line":12,"column":30}},"9":{"start":{"line":13,"column":15},"end":{"line":13,"column":38}},"10":{"start":{"line":14,"column":4},"end":{"line":14,"column":17}},"11":{"start":{"line":16,"column":4},"end":{"line":16,"column":19}},"12":{"start":{"line":18,"column":4},"end":{"line":18,"column":20}},"13":{"start":{"line":23,"column":2},"end":{"line":23,"column":17}},"14":{"start":{"line":27,"column":2},"end":{"line":27,"column":22}},"15":{"start":{"line":30,"column":0},"end":{"line":34,"column":1}}},"fnMap":{"0":{"name":"connect","decl":{"start":{"line":8,"column":15},"end":{"line":8,"column":22}},"loc":{"start":{"line":8,"column":25},"end":{"line":20,"column":1}},"line":8},"1":{"name":"getDatabase","decl":{"start":{"line":22,"column":9},"end":{"line":22,"column":20}},"loc":{"start":{"line":22,"column":23},"end":{"line":24,"column":1}},"line":22},"2":{"name":"close","decl":{"start":{"line":26,"column":15},"end":{"line":26,"column":20}},"loc":{"start":{"line":26,"column":23},"end":{"line":28,"column":1}},"line":26}},"branchMap":{},"s":{"0":1,"1":1,"2":1,"3":1,"4":1,"5":1,"6":1,"7":1,"8":1,"9":1,"10":1,"11":1,"12":0,"13":24,"14":1,"15":1},"f":{"0":1,"1":24,"2":1},"b":{},"_coverageSchema":"1a1c01bbd47fc00a2c39e90264f33305004495a9","hash":"874b463a85283498f35d9094e76de5215059f02f"}
,"/home/cypher/socio-backend/controllers/UserController.js": {"path":"/home/cypher/socio-backend/controllers/UserController.js","statementMap":{"0":{"start":{"line":1,"column":13},"end":{"line":1,"column":38}},"1":{"start":{"line":2,"column":16},"end":{"line":2,"column":47}},"2":{"start":{"line":3,"column":26},"end":{"line":3,"column":51}},"3":{"start":{"line":4,"column":29},"end":{"line":4,"column":57}},"4":{"start":{"line":8,"column":4},"end":{"line":32,"column":5}},"5":{"start":{"line":9,"column":32},"end":{"line":9,"column":40}},"6":{"start":{"line":10,"column":6},"end":{"line":10,"column":76}},"7":{"start":{"line":10,"column":31},"end":{"line":10,"column":76}},"8":{"start":{"line":12,"column":6},"end":{"line":12,"column":68}},"9":{"start":{"line":12,"column":37},"end":{"line":12,"column":68}},"10":{"start":{"line":14,"column":19},"end":{"line":14,"column":44}},"11":{"start":{"line":16,"column":6},"end":{"line":18,"column":7}},"12":{"start":{"line":17,"column":8},"end":{"line":17,"column":56}},"13":{"start":{"line":20,"column":6},"end":{"line":22,"column":7}},"14":{"start":{"line":21,"column":8},"end":{"line":21,"column":56}},"15":{"start":{"line":24,"column":27},"end":{"line":27,"column":8}},"16":{"start":{"line":29,"column":6},"end":{"line":29,"column":59}},"17":{"start":{"line":31,"column":6},"end":{"line":31,"column":15}},"18":{"start":{"line":36,"column":4},"end":{"line":89,"column":5}},"19":{"start":{"line":37,"column":38},"end":{"line":37,"column":46}},"20":{"start":{"line":38,"column":6},"end":{"line":39,"column":58}},"21":{"start":{"line":39,"column":8},"end":{"line":39,"column":58}},"22":{"start":{"line":41,"column":6},"end":{"line":41,"column":34}},"23":{"start":{"line":43,"column":24},"end":{"line":43,"column":49}},"24":{"start":{"line":44,"column":6},"end":{"line":44,"column":62}},"25":{"start":{"line":44,"column":21},"end":{"line":44,"column":62}},"26":{"start":{"line":46,"column":18},"end":{"line":65,"column":7}},"27":{"start":{"line":66,"column":22},"end":{"line":66,"column":46}},"28":{"start":{"line":67,"column":27},"end":{"line":70,"column":8}},"29":{"start":{"line":72,"column":6},"end":{"line":86,"column":8}},"30":{"start":{"line":88,"column":6},"end":{"line":88,"column":15}},"31":{"start":{"line":93,"column":4},"end":{"line":111,"column":5}},"32":{"start":{"line":94,"column":19},"end":{"line":94,"column":27}},"33":{"start":{"line":95,"column":6},"end":{"line":108,"column":8}},"34":{"start":{"line":110,"column":6},"end":{"line":110,"column":15}},"35":{"start":{"line":115,"column":4},"end":{"line":138,"column":5}},"36":{"start":{"line":116,"column":23},"end":{"line":116,"column":46}},"37":{"start":{"line":117,"column":22},"end":{"line":117,"column":30}},"38":{"start":{"line":118,"column":22},"end":{"line":121,"column":8}},"39":{"start":{"line":122,"column":6},"end":{"line":135,"column":8}},"40":{"start":{"line":137,"column":6},"end":{"line":137,"column":15}},"41":{"start":{"line":142,"column":4},"end":{"line":169,"column":5}},"42":{"start":{"line":143,"column":22},"end":{"line":143,"column":30}},"43":{"start":{"line":144,"column":57},"end":{"line":144,"column":65}},"44":{"start":{"line":145,"column":6},"end":{"line":146,"column":48}},"45":{"start":{"line":146,"column":8},"end":{"line":146,"column":48}},"46":{"start":{"line":147,"column":22},"end":{"line":152,"column":8}},"47":{"start":{"line":153,"column":6},"end":{"line":166,"column":8}},"48":{"start":{"line":168,"column":6},"end":{"line":168,"column":15}},"49":{"start":{"line":173,"column":4},"end":{"line":217,"column":5}},"50":{"start":{"line":174,"column":22},"end":{"line":174,"column":30}},"51":{"start":{"line":181,"column":10},"end":{"line":181,"column":18}},"52":{"start":{"line":183,"column":6},"end":{"line":191,"column":7}},"53":{"start":{"line":190,"column":8},"end":{"line":190,"column":48}},"54":{"start":{"line":193,"column":22},"end":{"line":200,"column":8}},"55":{"start":{"line":201,"column":6},"end":{"line":214,"column":8}},"56":{"start":{"line":216,"column":6},"end":{"line":216,"column":15}},"57":{"start":{"line":220,"column":4},"end":{"line":250,"column":5}},"58":{"start":{"line":221,"column":22},"end":{"line":221,"column":30}},"59":{"start":{"line":222,"column":63},"end":{"line":222,"column":71}},"60":{"start":{"line":224,"column":6},"end":{"line":226,"column":7}},"61":{"start":{"line":225,"column":8},"end":{"line":225,"column":48}},"62":{"start":{"line":228,"column":22},"end":{"line":233,"column":8}},"63":{"start":{"line":234,"column":6},"end":{"line":247,"column":8}},"64":{"start":{"line":249,"column":6},"end":{"line":249,"column":15}},"65":{"start":{"line":254,"column":0},"end":{"line":254,"column":31}}},"fnMap":{"0":{"name":"(anonymous_0)","decl":{"start":{"line":7,"column":2},"end":{"line":7,"column":3}},"loc":{"start":{"line":7,"column":37},"end":{"line":33,"column":3}},"line":7},"1":{"name":"(anonymous_1)","decl":{"start":{"line":35,"column":2},"end":{"line":35,"column":3}},"loc":{"start":{"line":35,"column":40},"end":{"line":90,"column":3}},"line":35},"2":{"name":"(anonymous_2)","decl":{"start":{"line":92,"column":2},"end":{"line":92,"column":3}},"loc":{"start":{"line":92,"column":43},"end":{"line":112,"column":3}},"line":92},"3":{"name":"(anonymous_3)","decl":{"start":{"line":114,"column":2},"end":{"line":114,"column":3}},"loc":{"start":{"line":114,"column":42},"end":{"line":139,"column":3}},"line":114},"4":{"name":"(anonymous_4)","decl":{"start":{"line":141,"column":2},"end":{"line":141,"column":3}},"loc":{"start":{"line":141,"column":45},"end":{"line":170,"column":3}},"line":141},"5":{"name":"(anonymous_5)","decl":{"start":{"line":172,"column":2},"end":{"line":172,"column":3}},"loc":{"start":{"line":172,"column":39},"end":{"line":218,"column":3}},"line":172},"6":{"name":"(anonymous_6)","decl":{"start":{"line":219,"column":2},"end":{"line":219,"column":3}},"loc":{"start":{"line":219,"column":43},"end":{"line":251,"column":3}},"line":219}},"branchMap":{"0":{"loc":{"start":{"line":10,"column":6},"end":{"line":10,"column":76}},"type":"if","locations":[{"start":{"line":10,"column":6},"end":{"line":10,"column":76}},{"start":{"line":10,"column":6},"end":{"line":10,"column":76}}],"line":10},"1":{"loc":{"start":{"line":10,"column":10},"end":{"line":10,"column":29}},"type":"binary-expr","locations":[{"start":{"line":10,"column":10},"end":{"line":10,"column":16}},{"start":{"line":10,"column":20},"end":{"line":10,"column":29}}],"line":10},"2":{"loc":{"start":{"line":12,"column":6},"end":{"line":12,"column":68}},"type":"if","locations":[{"start":{"line":12,"column":6},"end":{"line":12,"column":68}},{"start":{"line":12,"column":6},"end":{"line":12,"column":68}}],"line":12},"3":{"loc":{"start":{"line":16,"column":6},"end":{"line":18,"column":7}},"type":"if","locations":[{"start":{"line":16,"column":6},"end":{"line":18,"column":7}},{"start":{"line":16,"column":6},"end":{"line":18,"column":7}}],"line":16},"4":{"loc":{"start":{"line":20,"column":6},"end":{"line":22,"column":7}},"type":"if","locations":[{"start":{"line":20,"column":6},"end":{"line":22,"column":7}},{"start":{"line":20,"column":6},"end":{"line":22,"column":7}}],"line":20},"5":{"loc":{"start":{"line":38,"column":6},"end":{"line":39,"column":58}},"type":"if","locations":[{"start":{"line":38,"column":6},"end":{"line":39,"column":58}},{"start":{"line":38,"column":6},"end":{"line":39,"column":58}}],"line":38},"6":{"loc":{"start":{"line":38,"column":10},"end":{"line":38,"column":38}},"type":"binary-expr","locations":[{"start":{"line":38,"column":10},"end":{"line":38,"column":16}},{"start":{"line":38,"column":20},"end":{"line":38,"column":29}},{"start":{"line":38,"column":33},"end":{"line":38,"column":38}}],"line":38},"7":{"loc":{"start":{"line":44,"column":6},"end":{"line":44,"column":62}},"type":"if","locations":[{"start":{"line":44,"column":6},"end":{"line":44,"column":62}},{"start":{"line":44,"column":6},"end":{"line":44,"column":62}}],"line":44},"8":{"loc":{"start":{"line":145,"column":6},"end":{"line":146,"column":48}},"type":"if","locations":[{"start":{"line":145,"column":6},"end":{"line":146,"column":48}},{"start":{"line":145,"column":6},"end":{"line":146,"column":48}}],"line":145},"9":{"loc":{"start":{"line":145,"column":10},"end":{"line":145,"column":55}},"type":"binary-expr","locations":[{"start":{"line":145,"column":10},"end":{"line":145,"column":20}},{"start":{"line":145,"column":24},"end":{"line":145,"column":39}},{"start":{"line":145,"column":43},"end":{"line":145,"column":55}}],"line":145},"10":{"loc":{"start":{"line":183,"column":6},"end":{"line":191,"column":7}},"type":"if","locations":[{"start":{"line":183,"column":6},"end":{"line":191,"column":7}},{"start":{"line":183,"column":6},"end":{"line":191,"column":7}}],"line":183},"11":{"loc":{"start":{"line":184,"column":8},"end":{"line":188,"column":26}},"type":"binary-expr","locations":[{"start":{"line":184,"column":8},"end":{"line":184,"column":18}},{"start":{"line":185,"column":8},"end":{"line":185,"column":23}},{"start":{"line":186,"column":8},"end":{"line":186,"column":26}},{"start":{"line":187,"column":8},"end":{"line":187,"column":14}},{"start":{"line":188,"column":8},"end":{"line":188,"column":26}}],"line":184},"12":{"loc":{"start":{"line":224,"column":6},"end":{"line":226,"column":7}},"type":"if","locations":[{"start":{"line":224,"column":6},"end":{"line":226,"column":7}},{"start":{"line":224,"column":6},"end":{"line":226,"column":7}}],"line":224},"13":{"loc":{"start":{"line":224,"column":10},"end":{"line":224,"column":61}},"type":"binary-expr","locations":[{"start":{"line":224,"column":10},"end":{"line":224,"column":20}},{"start":{"line":224,"column":24},"end":{"line":224,"column":39}},{"start":{"line":224,"column":43},"end":{"line":224,"column":61}}],"line":224}},"s":{"0":1,"1":1,"2":1,"3":1,"4":6,"5":6,"6":6,"7":2,"8":4,"9":1,"10":3,"11":3,"12":1,"13":2,"14":1,"15":1,"16":1,"17":5,"18":4,"19":4,"20":4,"21":3,"22":1,"23":1,"24":1,"25":0,"26":1,"27":1,"28":1,"29":1,"30":3,"31":1,"32":1,"33":1,"34":0,"35":1,"36":1,"37":1,"38":1,"39":1,"40":0,"41":4,"42":4,"43":4,"44":4,"45":3,"46":1,"47":1,"48":3,"49":2,"50":2,"51":2,"52":2,"53":1,"54":1,"55":1,"56":1,"57":2,"58":2,"59":2,"60":2,"61":1,"62":1,"63":1,"64":1,"65":1},"f":{"0":6,"1":4,"2":1,"3":1,"4":4,"5":2,"6":2},"b":{"0":[2,4],"1":[6,5],"2":[1,3],"3":[1,2],"4":[1,1],"5":[3,1],"6":[4,3,2],"7":[0,1],"8":[3,1],"9":[4,3,2],"10":[1,1],"11":[2,1,1,1,1],"12":[1,1],"13":[2,1,1]},"_coverageSchema":"1a1c01bbd47fc00a2c39e90264f33305004495a9","hash":"1ff75db754530ddf98dc2b283f3b157184645c03"}
,"/home/cypher/socio-backend/helpers/bcrypt.js": {"path":"/home/cypher/socio-backend/helpers/bcrypt.js","statementMap":{"0":{"start":{"line":1,"column":15},"end":{"line":1,"column":34}},"1":{"start":{"line":3,"column":16},"end":{"line":6,"column":1}},"2":{"start":{"line":4,"column":15},"end":{"line":4,"column":37}},"3":{"start":{"line":5,"column":2},"end":{"line":5,"column":40}},"4":{"start":{"line":8,"column":16},"end":{"line":10,"column":1}},"5":{"start":{"line":9,"column":2},"end":{"line":9,"column":53}},"6":{"start":{"line":12,"column":0},"end":{"line":12,"column":37}}},"fnMap":{"0":{"name":"(anonymous_0)","decl":{"start":{"line":3,"column":16},"end":{"line":3,"column":17}},"loc":{"start":{"line":3,"column":30},"end":{"line":6,"column":1}},"line":3},"1":{"name":"(anonymous_1)","decl":{"start":{"line":8,"column":16},"end":{"line":8,"column":17}},"loc":{"start":{"line":8,"column":46},"end":{"line":10,"column":1}},"line":8}},"branchMap":{},"s":{"0":1,"1":1,"2":1,"3":1,"4":1,"5":2,"6":1},"f":{"0":1,"1":2},"b":{},"_coverageSchema":"1a1c01bbd47fc00a2c39e90264f33305004495a9","hash":"7d2441c0ad1143da36e2af3696588c8831e3d516"}
,"/home/cypher/socio-backend/helpers/jwt.js": {"path":"/home/cypher/socio-backend/helpers/jwt.js","statementMap":{"0":{"start":{"line":1,"column":12},"end":{"line":1,"column":35}},"1":{"start":{"line":2,"column":23},"end":{"line":2,"column":53}},"2":{"start":{"line":5,"column":2},"end":{"line":5,"column":38}},"3":{"start":{"line":9,"column":2},"end":{"line":14,"column":3}},"4":{"start":{"line":10,"column":18},"end":{"line":10,"column":47}},"5":{"start":{"line":11,"column":4},"end":{"line":11,"column":18}},"6":{"start":{"line":13,"column":4},"end":{"line":13,"column":16}},"7":{"start":{"line":17,"column":0},"end":{"line":20,"column":1}}},"fnMap":{"0":{"name":"generateToken","decl":{"start":{"line":4,"column":9},"end":{"line":4,"column":22}},"loc":{"start":{"line":4,"column":32},"end":{"line":6,"column":1}},"line":4},"1":{"name":"verifyToken","decl":{"start":{"line":8,"column":9},"end":{"line":8,"column":20}},"loc":{"start":{"line":8,"column":28},"end":{"line":15,"column":1}},"line":8}},"branchMap":{},"s":{"0":1,"1":1,"2":2,"3":13,"4":13,"5":12,"6":1,"7":1},"f":{"0":2,"1":13},"b":{},"_coverageSchema":"1a1c01bbd47fc00a2c39e90264f33305004495a9","hash":"4e34044992defbe8463b81adc52dda48dc01b386"}
,"/home/cypher/socio-backend/middlewares/authentication.js": {"path":"/home/cypher/socio-backend/middlewares/authentication.js","statementMap":{"0":{"start":{"line":1,"column":13},"end":{"line":1,"column":41}},"1":{"start":{"line":2,"column":24},"end":{"line":2,"column":52}},"2":{"start":{"line":4,"column":23},"end":{"line":18,"column":1}},"3":{"start":{"line":5,"column":2},"end":{"line":17,"column":3}},"4":{"start":{"line":6,"column":29},"end":{"line":6,"column":40}},"5":{"start":{"line":7,"column":4},"end":{"line":7,"column":60}},"6":{"start":{"line":8,"column":4},"end":{"line":8,"column":64}},"7":{"start":{"line":8,"column":23},"end":{"line":8,"column":64}},"8":{"start":{"line":9,"column":20},"end":{"line":9,"column":45}},"9":{"start":{"line":10,"column":4},"end":{"line":10,"column":59}},"10":{"start":{"line":10,"column":18},"end":{"line":10,"column":59}},"11":{"start":{"line":11,"column":17},"end":{"line":11,"column":50}},"12":{"start":{"line":12,"column":4},"end":{"line":12,"column":57}},"13":{"start":{"line":12,"column":15},"end":{"line":12,"column":57}},"14":{"start":{"line":13,"column":4},"end":{"line":13,"column":19}},"15":{"start":{"line":14,"column":4},"end":{"line":14,"column":10}},"16":{"start":{"line":16,"column":4},"end":{"line":16,"column":13}},"17":{"start":{"line":20,"column":0},"end":{"line":20,"column":31}}},"fnMap":{"0":{"name":"(anonymous_0)","decl":{"start":{"line":4,"column":23},"end":{"line":4,"column":24}},"loc":{"start":{"line":4,"column":49},"end":{"line":18,"column":1}},"line":4}},"branchMap":{"0":{"loc":{"start":{"line":8,"column":4},"end":{"line":8,"column":64}},"type":"if","locations":[{"start":{"line":8,"column":4},"end":{"line":8,"column":64}},{"start":{"line":8,"column":4},"end":{"line":8,"column":64}}],"line":8},"1":{"loc":{"start":{"line":10,"column":4},"end":{"line":10,"column":59}},"type":"if","locations":[{"start":{"line":10,"column":4},"end":{"line":10,"column":59}},{"start":{"line":10,"column":4},"end":{"line":10,"column":59}}],"line":10},"2":{"loc":{"start":{"line":12,"column":4},"end":{"line":12,"column":57}},"type":"if","locations":[{"start":{"line":12,"column":4},"end":{"line":12,"column":57}},{"start":{"line":12,"column":4},"end":{"line":12,"column":57}}],"line":12}},"s":{"0":1,"1":1,"2":1,"3":18,"4":18,"5":18,"6":18,"7":5,"8":13,"9":13,"10":1,"11":12,"12":12,"13":1,"14":11,"15":11,"16":7,"17":1},"f":{"0":18},"b":{"0":[5,13],"1":[1,12],"2":[1,11]},"_coverageSchema":"1a1c01bbd47fc00a2c39e90264f33305004495a9","hash":"e7079e27dc4f670051ac3b59faeff5e070a23cc9"}
,"/home/cypher/socio-backend/middlewares/authorized.js": {"path":"/home/cypher/socio-backend/middlewares/authorized.js","statementMap":{"0":{"start":{"line":1,"column":21},"end":{"line":1,"column":39}},"1":{"start":{"line":3,"column":19},"end":{"line":11,"column":1}},"2":{"start":{"line":4,"column":2},"end":{"line":10,"column":3}},"3":{"start":{"line":5,"column":19},"end":{"line":5,"column":29}},"4":{"start":{"line":6,"column":4},"end":{"line":6,"column":80}},"5":{"start":{"line":6,"column":38},"end":{"line":6,"column":80}},"6":{"start":{"line":7,"column":4},"end":{"line":7,"column":10}},"7":{"start":{"line":9,"column":4},"end":{"line":9,"column":13}},"8":{"start":{"line":13,"column":0},"end":{"line":13,"column":27}}},"fnMap":{"0":{"name":"(anonymous_0)","decl":{"start":{"line":3,"column":19},"end":{"line":3,"column":20}},"loc":{"start":{"line":3,"column":39},"end":{"line":11,"column":1}},"line":3}},"branchMap":{"0":{"loc":{"start":{"line":6,"column":4},"end":{"line":6,"column":80}},"type":"if","locations":[{"start":{"line":6,"column":4},"end":{"line":6,"column":80}},{"start":{"line":6,"column":4},"end":{"line":6,"column":80}}],"line":6}},"s":{"0":1,"1":1,"2":11,"3":11,"4":11,"5":1,"6":10,"7":1,"8":1},"f":{"0":11},"b":{"0":[1,10]},"_coverageSchema":"1a1c01bbd47fc00a2c39e90264f33305004495a9","hash":"eb5ae3792625a985a0c5d0ba52f808a6aefe64f0"}
,"/home/cypher/socio-backend/middlewares/errorHandler.js": {"path":"/home/cypher/socio-backend/middlewares/errorHandler.js","statementMap":{"0":{"start":{"line":1,"column":0},"end":{"line":59,"column":1}},"1":{"start":{"line":2,"column":2},"end":{"line":2,"column":41}},"2":{"start":{"line":3,"column":2},"end":{"line":3,"column":44}},"3":{"start":{"line":4,"column":2},"end":{"line":4,"column":47}},"4":{"start":{"line":5,"column":19},"end":{"line":5,"column":22}},"5":{"start":{"line":6,"column":18},"end":{"line":6,"column":41}},"6":{"start":{"line":7,"column":16},"end":{"line":7,"column":35}},"7":{"start":{"line":9,"column":2},"end":{"line":56,"column":3}},"8":{"start":{"line":12,"column":6},"end":{"line":12,"column":22}},"9":{"start":{"line":13,"column":6},"end":{"line":13,"column":29}},"10":{"start":{"line":14,"column":6},"end":{"line":14,"column":46}},"11":{"start":{"line":15,"column":6},"end":{"line":15,"column":11}},"12":{"start":{"line":19,"column":6},"end":{"line":19,"column":22}},"13":{"start":{"line":20,"column":6},"end":{"line":20,"column":36}},"14":{"start":{"line":21,"column":6},"end":{"line":21,"column":45}},"15":{"start":{"line":22,"column":6},"end":{"line":22,"column":11}},"16":{"start":{"line":25,"column":6},"end":{"line":25,"column":22}},"17":{"start":{"line":26,"column":6},"end":{"line":26,"column":32}},"18":{"start":{"line":27,"column":6},"end":{"line":27,"column":36}},"19":{"start":{"line":28,"column":6},"end":{"line":28,"column":11}},"20":{"start":{"line":31,"column":6},"end":{"line":31,"column":22}},"21":{"start":{"line":32,"column":6},"end":{"line":32,"column":36}},"22":{"start":{"line":33,"column":6},"end":{"line":33,"column":49}},"23":{"start":{"line":34,"column":6},"end":{"line":34,"column":11}},"24":{"start":{"line":37,"column":6},"end":{"line":37,"column":22}},"25":{"start":{"line":38,"column":6},"end":{"line":38,"column":36}},"26":{"start":{"line":39,"column":6},"end":{"line":39,"column":41}},"27":{"start":{"line":40,"column":6},"end":{"line":40,"column":11}},"28":{"start":{"line":43,"column":6},"end":{"line":43,"column":22}},"29":{"start":{"line":44,"column":6},"end":{"line":44,"column":36}},"30":{"start":{"line":45,"column":6},"end":{"line":45,"column":31}},"31":{"start":{"line":46,"column":6},"end":{"line":46,"column":11}},"32":{"start":{"line":49,"column":6},"end":{"line":49,"column":22}},"33":{"start":{"line":50,"column":6},"end":{"line":50,"column":36}},"34":{"start":{"line":51,"column":6},"end":{"line":51,"column":38}},"35":{"start":{"line":52,"column":6},"end":{"line":52,"column":11}},"36":{"start":{"line":55,"column":6},"end":{"line":55,"column":11}},"37":{"start":{"line":58,"column":2},"end":{"line":58,"column":53}}},"fnMap":{"0":{"name":"(anonymous_0)","decl":{"start":{"line":1,"column":17},"end":{"line":1,"column":18}},"loc":{"start":{"line":1,"column":40},"end":{"line":59,"column":1}},"line":1}},"branchMap":{"0":{"loc":{"start":{"line":9,"column":2},"end":{"line":56,"column":3}},"type":"switch","locations":[{"start":{"line":10,"column":4},"end":{"line":15,"column":11}},{"start":{"line":17,"column":4},"end":{"line":22,"column":11}},{"start":{"line":24,"column":4},"end":{"line":28,"column":11}},{"start":{"line":30,"column":4},"end":{"line":34,"column":11}},{"start":{"line":36,"column":4},"end":{"line":40,"column":11}},{"start":{"line":42,"column":4},"end":{"line":46,"column":11}},{"start":{"line":48,"column":4},"end":{"line":52,"column":11}},{"start":{"line":54,"column":4},"end":{"line":55,"column":11}}],"line":9}},"s":{"0":1,"1":21,"2":21,"3":21,"4":21,"5":21,"6":21,"7":21,"8":1,"9":1,"10":1,"11":1,"12":1,"13":1,"14":1,"15":1,"16":6,"17":6,"18":6,"19":6,"20":2,"21":2,"22":2,"23":2,"24":2,"25":2,"26":2,"27":2,"28":5,"29":5,"30":5,"31":5,"32":3,"33":3,"34":3,"35":3,"36":1,"37":21},"f":{"0":21},"b":{"0":[1,1,6,2,2,5,3,1]},"_coverageSchema":"1a1c01bbd47fc00a2c39e90264f33305004495a9","hash":"04eff6f9f7dd0fa330df05e6da8cd26a017b722b"}
,"/home/cypher/socio-backend/models/Mission.js": {"path":"/home/cypher/socio-backend/models/Mission.js","statementMap":{"0":{"start":{"line":1,"column":24},"end":{"line":1,"column":52}},"1":{"start":{"line":5,"column":4},"end":{"line":5,"column":64}},"2":{"start":{"line":9,"column":0},"end":{"line":9,"column":24}}},"fnMap":{"0":{"name":"(anonymous_0)","decl":{"start":{"line":4,"column":2},"end":{"line":4,"column":3}},"loc":{"start":{"line":4,"column":19},"end":{"line":6,"column":3}},"line":4}},"branchMap":{},"s":{"0":1,"1":1,"2":1},"f":{"0":1},"b":{},"_coverageSchema":"1a1c01bbd47fc00a2c39e90264f33305004495a9","hash":"5a8638f3c7b5a1f888d2aba93aa56ae7120b70e1"}
,"/home/cypher/socio-backend/models/User.js": {"path":"/home/cypher/socio-backend/models/User.js","statementMap":{"0":{"start":{"line":1,"column":21},"end":{"line":1,"column":39}},"1":{"start":{"line":2,"column":24},"end":{"line":2,"column":52}},"2":{"start":{"line":6,"column":4},"end":{"line":6,"column":63}},"3":{"start":{"line":10,"column":4},"end":{"line":10,"column":60}},"4":{"start":{"line":14,"column":4},"end":{"line":28,"column":7}},"5":{"start":{"line":32,"column":4},"end":{"line":46,"column":7}},"6":{"start":{"line":50,"column":4},"end":{"line":66,"column":7}},"7":{"start":{"line":69,"column":4},"end":{"line":83,"column":7}},"8":{"start":{"line":87,"column":0},"end":{"line":87,"column":21}}},"fnMap":{"0":{"name":"(anonymous_0)","decl":{"start":{"line":5,"column":2},"end":{"line":5,"column":3}},"loc":{"start":{"line":5,"column":24},"end":{"line":7,"column":3}},"line":5},"1":{"name":"(anonymous_1)","decl":{"start":{"line":9,"column":2},"end":{"line":9,"column":3}},"loc":{"start":{"line":9,"column":22},"end":{"line":11,"column":3}},"line":9},"2":{"name":"(anonymous_2)","decl":{"start":{"line":13,"column":2},"end":{"line":13,"column":3}},"loc":{"start":{"line":13,"column":29},"end":{"line":29,"column":3}},"line":13},"3":{"name":"(anonymous_3)","decl":{"start":{"line":31,"column":2},"end":{"line":31,"column":3}},"loc":{"start":{"line":31,"column":32},"end":{"line":47,"column":3}},"line":31},"4":{"name":"(anonymous_4)","decl":{"start":{"line":49,"column":2},"end":{"line":49,"column":3}},"loc":{"start":{"line":49,"column":32},"end":{"line":67,"column":3}},"line":49},"5":{"name":"(anonymous_5)","decl":{"start":{"line":68,"column":2},"end":{"line":68,"column":3}},"loc":{"start":{"line":68,"column":36},"end":{"line":84,"column":3}},"line":68}},"branchMap":{},"s":{"0":1,"1":1,"2":16,"3":1,"4":1,"5":1,"6":1,"7":1,"8":1},"f":{"0":16,"1":1,"2":1,"3":1,"4":1,"5":1},"b":{},"_coverageSchema":"1a1c01bbd47fc00a2c39e90264f33305004495a9","hash":"5d6fe17013f6244a8b2c586cf4d58926db6c81c7"}
,"/home/cypher/socio-backend/routes/index.js": {"path":"/home/cypher/socio-backend/routes/index.js","statementMap":{"0":{"start":{"line":1,"column":19},"end":{"line":1,"column":37}},"1":{"start":{"line":2,"column":15},"end":{"line":2,"column":23}},"2":{"start":{"line":3,"column":18},"end":{"line":3,"column":40}},"3":{"start":{"line":6,"column":0},"end":{"line":6,"column":31}},"4":{"start":{"line":9,"column":0},"end":{"line":9,"column":23}}},"fnMap":{},"branchMap":{},"s":{"0":1,"1":1,"2":1,"3":1,"4":1},"f":{},"b":{},"_coverageSchema":"1a1c01bbd47fc00a2c39e90264f33305004495a9","hash":"d4f3e102d87c888a9fdd556eabc007123b6be50c"}
,"/home/cypher/socio-backend/routes/userRoute.js": {"path":"/home/cypher/socio-backend/routes/userRoute.js","statementMap":{"0":{"start":{"line":1,"column":19},"end":{"line":1,"column":37}},"1":{"start":{"line":2,"column":15},"end":{"line":2,"column":23}},"2":{"start":{"line":4,"column":23},"end":{"line":4,"column":63}},"3":{"start":{"line":7,"column":23},"end":{"line":7,"column":66}},"4":{"start":{"line":8,"column":19},"end":{"line":8,"column":58}},"5":{"start":{"line":10,"column":0},"end":{"line":10,"column":43}},"6":{"start":{"line":11,"column":0},"end":{"line":11,"column":49}},"7":{"start":{"line":12,"column":0},"end":{"line":12,"column":74}},"8":{"start":{"line":13,"column":0},"end":{"line":13,"column":86}},"9":{"start":{"line":14,"column":0},"end":{"line":14,"column":92}},"10":{"start":{"line":15,"column":0},"end":{"line":15,"column":80}},"11":{"start":{"line":16,"column":0},"end":{"line":16,"column":88}},"12":{"start":{"line":18,"column":0},"end":{"line":18,"column":23}}},"fnMap":{},"branchMap":{},"s":{"0":1,"1":1,"2":1,"3":1,"4":1,"5":1,"6":1,"7":1,"8":1,"9":1,"10":1,"11":1,"12":1},"f":{},"b":{},"_coverageSchema":"1a1c01bbd47fc00a2c39e90264f33305004495a9","hash":"03fe931c05a8cf874d64b9853c760d9c417587f8"}
}
