{"/home/cypher/socio-backend/app.js": {"path":"/home/cypher/socio-backend/app.js","statementMap":{"0":{"start":{"line":1,"column":16},"end":{"line":1,"column":34}},"1":{"start":{"line":2,"column":12},"end":{"line":2,"column":21}},"2":{"start":{"line":3,"column":15},"end":{"line":3,"column":43}},"3":{"start":{"line":4,"column":21},"end":{"line":4,"column":58}},"4":{"start":{"line":6,"column":0},"end":{"line":6,"column":23}},"5":{"start":{"line":7,"column":0},"end":{"line":7,"column":47}},"6":{"start":{"line":9,"column":0},"end":{"line":9,"column":20}},"7":{"start":{"line":10,"column":0},"end":{"line":10,"column":21}},"8":{"start":{"line":12,"column":0},"end":{"line":12,"column":20}}},"fnMap":{},"branchMap":{},"s":{"0":1,"1":1,"2":1,"3":1,"4":1,"5":1,"6":1,"7":1,"8":1},"f":{},"b":{},"_coverageSchema":"1a1c01bbd47fc00a2c39e90264f33305004495a9","hash":"2918bf30e60954acba66ac3fd33cc2b813521838"}
,"/home/cypher/socio-backend/config/constants.js": {"path":"/home/cypher/socio-backend/config/constants.js","statementMap":{"0":{"start":{"line":1,"column":22},"end":{"line":1,"column":47}},"1":{"start":{"line":2,"column":21},"end":{"line":2,"column":45}},"2":{"start":{"line":3,"column":19},"end":{"line":3,"column":41}},"3":{"start":{"line":5,"column":0},"end":{"line":5,"column":60}}},"fnMap":{},"branchMap":{},"s":{"0":1,"1":1,"2":1,"3":1},"f":{},"b":{},"_coverageSchema":"1a1c01bbd47fc00a2c39e90264f33305004495a9","hash":"c92426f5ab54fbc004adef137dad32ba818177b9"}
,"/home/cypher/socio-backend/config/mongodb.js": {"path":"/home/cypher/socio-backend/config/mongodb.js","statementMap":{"0":{"start":{"line":1,"column":24},"end":{"line":1,"column":42}},"1":{"start":{"line":2,"column":40},"end":{"line":2,"column":62}},"2":{"start":{"line":4,"column":12},"end":{"line":4,"column":24}},"3":{"start":{"line":5,"column":15},"end":{"line":5,"column":65}},"4":{"start":{"line":6,"column":15},"end":{"line":6,"column":19}},"5":{"start":{"line":9,"column":2},"end":{"line":18,"column":3}},"6":{"start":{"line":10,"column":4},"end":{"line":10,"column":26}},"7":{"start":{"line":11,"column":23},"end":{"line":11,"column":36}},"8":{"start":{"line":12,"column":15},"end":{"line":12,"column":38}},"9":{"start":{"line":13,"column":4},"end":{"line":13,"column":17}},"10":{"start":{"line":15,"column":4},"end":{"line":15,"column":19}},"11":{"start":{"line":17,"column":4},"end":{"line":17,"column":20}},"12":{"start":{"line":22,"column":2},"end":{"line":22,"column":17}},"13":{"start":{"line":26,"column":2},"end":{"line":26,"column":22}},"14":{"start":{"line":29,"column":0},"end":{"line":33,"column":1}}},"fnMap":{"0":{"name":"connect","decl":{"start":{"line":8,"column":15},"end":{"line":8,"column":22}},"loc":{"start":{"line":8,"column":25},"end":{"line":19,"column":1}},"line":8},"1":{"name":"getDatabase","decl":{"start":{"line":21,"column":9},"end":{"line":21,"column":20}},"loc":{"start":{"line":21,"column":23},"end":{"line":23,"column":1}},"line":21},"2":{"name":"close","decl":{"start":{"line":25,"column":15},"end":{"line":25,"column":20}},"loc":{"start":{"line":25,"column":23},"end":{"line":27,"column":1}},"line":25}},"branchMap":{},"s":{"0":1,"1":1,"2":1,"3":1,"4":1,"5":1,"6":1,"7":1,"8":1,"9":1,"10":1,"11":0,"12":25,"13":1,"14":1},"f":{"0":1,"1":25,"2":1},"b":{},"_coverageSchema":"1a1c01bbd47fc00a2c39e90264f33305004495a9","hash":"ee67fc78ee7a28e8c1d8e67c2a9e394a836c4358"}
,"/home/cypher/socio-backend/controllers/UserController.js": {"path":"/home/cypher/socio-backend/controllers/UserController.js","statementMap":{"0":{"start":{"line":1,"column":13},"end":{"line":1,"column":38}},"1":{"start":{"line":2,"column":16},"end":{"line":2,"column":47}},"2":{"start":{"line":3,"column":26},"end":{"line":3,"column":51}},"3":{"start":{"line":4,"column":29},"end":{"line":4,"column":57}},"4":{"start":{"line":8,"column":4},"end":{"line":46,"column":5}},"5":{"start":{"line":9,"column":32},"end":{"line":9,"column":40}},"6":{"start":{"line":11,"column":6},"end":{"line":11,"column":76}},"7":{"start":{"line":11,"column":31},"end":{"line":11,"column":76}},"8":{"start":{"line":12,"column":6},"end":{"line":12,"column":68}},"9":{"start":{"line":12,"column":37},"end":{"line":12,"column":68}},"10":{"start":{"line":14,"column":19},"end":{"line":14,"column":44}},"11":{"start":{"line":15,"column":6},"end":{"line":17,"column":7}},"12":{"start":{"line":16,"column":8},"end":{"line":16,"column":56}},"13":{"start":{"line":18,"column":6},"end":{"line":20,"column":7}},"14":{"start":{"line":19,"column":8},"end":{"line":19,"column":56}},"15":{"start":{"line":22,"column":27},"end":{"line":25,"column":8}},"16":{"start":{"line":27,"column":6},"end":{"line":27,"column":49}},"17":{"start":{"line":28,"column":6},"end":{"line":43,"column":8}},"18":{"start":{"line":45,"column":6},"end":{"line":45,"column":15}},"19":{"start":{"line":50,"column":4},"end":{"line":106,"column":5}},"20":{"start":{"line":51,"column":38},"end":{"line":51,"column":46}},"21":{"start":{"line":53,"column":6},"end":{"line":55,"column":7}},"22":{"start":{"line":54,"column":8},"end":{"line":54,"column":58}},"23":{"start":{"line":56,"column":6},"end":{"line":56,"column":34}},"24":{"start":{"line":58,"column":24},"end":{"line":58,"column":49}},"25":{"start":{"line":59,"column":6},"end":{"line":59,"column":62}},"26":{"start":{"line":59,"column":21},"end":{"line":59,"column":62}},"27":{"start":{"line":61,"column":18},"end":{"line":80,"column":7}},"28":{"start":{"line":81,"column":22},"end":{"line":81,"column":46}},"29":{"start":{"line":82,"column":27},"end":{"line":85,"column":8}},"30":{"start":{"line":87,"column":6},"end":{"line":87,"column":73}},"31":{"start":{"line":88,"column":6},"end":{"line":103,"column":8}},"32":{"start":{"line":105,"column":6},"end":{"line":105,"column":15}},"33":{"start":{"line":110,"column":4},"end":{"line":131,"column":5}},"34":{"start":{"line":111,"column":19},"end":{"line":111,"column":27}},"35":{"start":{"line":113,"column":6},"end":{"line":113,"column":51}},"36":{"start":{"line":114,"column":6},"end":{"line":128,"column":8}},"37":{"start":{"line":130,"column":6},"end":{"line":130,"column":15}},"38":{"start":{"line":135,"column":4},"end":{"line":161,"column":5}},"39":{"start":{"line":136,"column":23},"end":{"line":136,"column":46}},"40":{"start":{"line":137,"column":22},"end":{"line":137,"column":30}},"41":{"start":{"line":138,"column":22},"end":{"line":141,"column":8}},"42":{"start":{"line":143,"column":6},"end":{"line":143,"column":58}},"43":{"start":{"line":144,"column":6},"end":{"line":158,"column":8}},"44":{"start":{"line":160,"column":6},"end":{"line":160,"column":15}},"45":{"start":{"line":165,"column":4},"end":{"line":197,"column":5}},"46":{"start":{"line":166,"column":22},"end":{"line":166,"column":30}},"47":{"start":{"line":167,"column":57},"end":{"line":167,"column":65}},"48":{"start":{"line":169,"column":6},"end":{"line":170,"column":48}},"49":{"start":{"line":170,"column":8},"end":{"line":170,"column":48}},"50":{"start":{"line":172,"column":22},"end":{"line":177,"column":8}},"51":{"start":{"line":179,"column":6},"end":{"line":179,"column":53}},"52":{"start":{"line":180,"column":6},"end":{"line":194,"column":8}},"53":{"start":{"line":196,"column":6},"end":{"line":196,"column":15}},"54":{"start":{"line":201,"column":4},"end":{"line":248,"column":5}},"55":{"start":{"line":202,"column":22},"end":{"line":202,"column":30}},"56":{"start":{"line":209,"column":10},"end":{"line":209,"column":18}},"57":{"start":{"line":211,"column":6},"end":{"line":219,"column":7}},"58":{"start":{"line":218,"column":8},"end":{"line":218,"column":48}},"59":{"start":{"line":221,"column":22},"end":{"line":228,"column":8}},"60":{"start":{"line":230,"column":6},"end":{"line":230,"column":43}},"61":{"start":{"line":231,"column":6},"end":{"line":245,"column":8}},"62":{"start":{"line":247,"column":6},"end":{"line":247,"column":15}},"63":{"start":{"line":252,"column":4},"end":{"line":284,"column":5}},"64":{"start":{"line":253,"column":22},"end":{"line":253,"column":30}},"65":{"start":{"line":254,"column":63},"end":{"line":254,"column":71}},"66":{"start":{"line":255,"column":6},"end":{"line":257,"column":7}},"67":{"start":{"line":256,"column":8},"end":{"line":256,"column":48}},"68":{"start":{"line":259,"column":22},"end":{"line":264,"column":8}},"69":{"start":{"line":266,"column":6},"end":{"line":266,"column":47}},"70":{"start":{"line":267,"column":6},"end":{"line":281,"column":8}},"71":{"start":{"line":283,"column":6},"end":{"line":283,"column":15}},"72":{"start":{"line":288,"column":0},"end":{"line":288,"column":31}}},"fnMap":{"0":{"name":"(anonymous_0)","decl":{"start":{"line":7,"column":2},"end":{"line":7,"column":3}},"loc":{"start":{"line":7,"column":37},"end":{"line":47,"column":3}},"line":7},"1":{"name":"(anonymous_1)","decl":{"start":{"line":49,"column":2},"end":{"line":49,"column":3}},"loc":{"start":{"line":49,"column":40},"end":{"line":107,"column":3}},"line":49},"2":{"name":"(anonymous_2)","decl":{"start":{"line":109,"column":2},"end":{"line":109,"column":3}},"loc":{"start":{"line":109,"column":43},"end":{"line":132,"column":3}},"line":109},"3":{"name":"(anonymous_3)","decl":{"start":{"line":134,"column":2},"end":{"line":134,"column":3}},"loc":{"start":{"line":134,"column":42},"end":{"line":162,"column":3}},"line":134},"4":{"name":"(anonymous_4)","decl":{"start":{"line":164,"column":2},"end":{"line":164,"column":3}},"loc":{"start":{"line":164,"column":45},"end":{"line":198,"column":3}},"line":164},"5":{"name":"(anonymous_5)","decl":{"start":{"line":200,"column":2},"end":{"line":200,"column":3}},"loc":{"start":{"line":200,"column":39},"end":{"line":249,"column":3}},"line":200},"6":{"name":"(anonymous_6)","decl":{"start":{"line":251,"column":2},"end":{"line":251,"column":3}},"loc":{"start":{"line":251,"column":43},"end":{"line":285,"column":3}},"line":251}},"branchMap":{"0":{"loc":{"start":{"line":11,"column":6},"end":{"line":11,"column":76}},"type":"if","locations":[{"start":{"line":11,"column":6},"end":{"line":11,"column":76}},{"start":{"line":11,"column":6},"end":{"line":11,"column":76}}],"line":11},"1":{"loc":{"start":{"line":11,"column":10},"end":{"line":11,"column":29}},"type":"binary-expr","locations":[{"start":{"line":11,"column":10},"end":{"line":11,"column":16}},{"start":{"line":11,"column":20},"end":{"line":11,"column":29}}],"line":11},"2":{"loc":{"start":{"line":12,"column":6},"end":{"line":12,"column":68}},"type":"if","locations":[{"start":{"line":12,"column":6},"end":{"line":12,"column":68}},{"start":{"line":12,"column":6},"end":{"line":12,"column":68}}],"line":12},"3":{"loc":{"start":{"line":15,"column":6},"end":{"line":17,"column":7}},"type":"if","locations":[{"start":{"line":15,"column":6},"end":{"line":17,"column":7}},{"start":{"line":15,"column":6},"end":{"line":17,"column":7}}],"line":15},"4":{"loc":{"start":{"line":18,"column":6},"end":{"line":20,"column":7}},"type":"if","locations":[{"start":{"line":18,"column":6},"end":{"line":20,"column":7}},{"start":{"line":18,"column":6},"end":{"line":20,"column":7}}],"line":18},"5":{"loc":{"start":{"line":53,"column":6},"end":{"line":55,"column":7}},"type":"if","locations":[{"start":{"line":53,"column":6},"end":{"line":55,"column":7}},{"start":{"line":53,"column":6},"end":{"line":55,"column":7}}],"line":53},"6":{"loc":{"start":{"line":53,"column":10},"end":{"line":53,"column":38}},"type":"binary-expr","locations":[{"start":{"line":53,"column":10},"end":{"line":53,"column":16}},{"start":{"line":53,"column":20},"end":{"line":53,"column":29}},{"start":{"line":53,"column":33},"end":{"line":53,"column":38}}],"line":53},"7":{"loc":{"start":{"line":59,"column":6},"end":{"line":59,"column":62}},"type":"if","locations":[{"start":{"line":59,"column":6},"end":{"line":59,"column":62}},{"start":{"line":59,"column":6},"end":{"line":59,"column":62}}],"line":59},"8":{"loc":{"start":{"line":169,"column":6},"end":{"line":170,"column":48}},"type":"if","locations":[{"start":{"line":169,"column":6},"end":{"line":170,"column":48}},{"start":{"line":169,"column":6},"end":{"line":170,"column":48}}],"line":169},"9":{"loc":{"start":{"line":169,"column":10},"end":{"line":169,"column":55}},"type":"binary-expr","locations":[{"start":{"line":169,"column":10},"end":{"line":169,"column":20}},{"start":{"line":169,"column":24},"end":{"line":169,"column":39}},{"start":{"line":169,"column":43},"end":{"line":169,"column":55}}],"line":169},"10":{"loc":{"start":{"line":211,"column":6},"end":{"line":219,"column":7}},"type":"if","locations":[{"start":{"line":211,"column":6},"end":{"line":219,"column":7}},{"start":{"line":211,"column":6},"end":{"line":219,"column":7}}],"line":211},"11":{"loc":{"start":{"line":212,"column":8},"end":{"line":216,"column":26}},"type":"binary-expr","locations":[{"start":{"line":212,"column":8},"end":{"line":212,"column":18}},{"start":{"line":213,"column":8},"end":{"line":213,"column":23}},{"start":{"line":214,"column":8},"end":{"line":214,"column":26}},{"start":{"line":215,"column":8},"end":{"line":215,"column":14}},{"start":{"line":216,"column":8},"end":{"line":216,"column":26}}],"line":212},"12":{"loc":{"start":{"line":255,"column":6},"end":{"line":257,"column":7}},"type":"if","locations":[{"start":{"line":255,"column":6},"end":{"line":257,"column":7}},{"start":{"line":255,"column":6},"end":{"line":257,"column":7}}],"line":255},"13":{"loc":{"start":{"line":255,"column":10},"end":{"line":255,"column":61}},"type":"binary-expr","locations":[{"start":{"line":255,"column":10},"end":{"line":255,"column":20}},{"start":{"line":255,"column":24},"end":{"line":255,"column":39}},{"start":{"line":255,"column":43},"end":{"line":255,"column":61}}],"line":255}},"s":{"0":1,"1":1,"2":1,"3":1,"4":6,"5":6,"6":6,"7":2,"8":4,"9":1,"10":3,"11":3,"12":1,"13":2,"14":1,"15":1,"16":1,"17":1,"18":5,"19":5,"20":5,"21":5,"22":3,"23":2,"24":2,"25":2,"26":1,"27":1,"28":1,"29":1,"30":1,"31":1,"32":4,"33":1,"34":1,"35":1,"36":1,"37":0,"38":1,"39":1,"40":1,"41":1,"42":1,"43":1,"44":0,"45":4,"46":4,"47":4,"48":4,"49":3,"50":1,"51":1,"52":1,"53":3,"54":2,"55":2,"56":2,"57":2,"58":1,"59":1,"60":1,"61":1,"62":1,"63":2,"64":2,"65":2,"66":2,"67":1,"68":1,"69":1,"70":1,"71":1,"72":1},"f":{"0":6,"1":5,"2":1,"3":1,"4":4,"5":2,"6":2},"b":{"0":[2,4],"1":[6,5],"2":[1,3],"3":[1,2],"4":[1,1],"5":[3,2],"6":[5,4,3],"7":[1,1],"8":[3,1],"9":[4,3,2],"10":[1,1],"11":[2,1,1,1,1],"12":[1,1],"13":[2,1,1]},"_coverageSchema":"1a1c01bbd47fc00a2c39e90264f33305004495a9","hash":"f4eb15ed9ecb9c1757c88a2766f8266509f5ec0d"}
,"/home/cypher/socio-backend/helpers/bcrypt.js": {"path":"/home/cypher/socio-backend/helpers/bcrypt.js","statementMap":{"0":{"start":{"line":1,"column":15},"end":{"line":1,"column":34}},"1":{"start":{"line":3,"column":16},"end":{"line":6,"column":1}},"2":{"start":{"line":4,"column":15},"end":{"line":4,"column":37}},"3":{"start":{"line":5,"column":2},"end":{"line":5,"column":40}},"4":{"start":{"line":8,"column":16},"end":{"line":10,"column":1}},"5":{"start":{"line":9,"column":2},"end":{"line":9,"column":53}},"6":{"start":{"line":12,"column":0},"end":{"line":12,"column":37}}},"fnMap":{"0":{"name":"(anonymous_0)","decl":{"start":{"line":3,"column":16},"end":{"line":3,"column":17}},"loc":{"start":{"line":3,"column":30},"end":{"line":6,"column":1}},"line":3},"1":{"name":"(anonymous_1)","decl":{"start":{"line":8,"column":16},"end":{"line":8,"column":17}},"loc":{"start":{"line":8,"column":46},"end":{"line":10,"column":1}},"line":8}},"branchMap":{},"s":{"0":1,"1":1,"2":2,"3":2,"4":1,"5":2,"6":1},"f":{"0":2,"1":2},"b":{},"_coverageSchema":"1a1c01bbd47fc00a2c39e90264f33305004495a9","hash":"7d2441c0ad1143da36e2af3696588c8831e3d516"}
,"/home/cypher/socio-backend/helpers/jwt.js": {"path":"/home/cypher/socio-backend/helpers/jwt.js","statementMap":{"0":{"start":{"line":1,"column":12},"end":{"line":1,"column":35}},"1":{"start":{"line":2,"column":23},"end":{"line":2,"column":53}},"2":{"start":{"line":5,"column":2},"end":{"line":5,"column":38}},"3":{"start":{"line":9,"column":2},"end":{"line":14,"column":3}},"4":{"start":{"line":10,"column":18},"end":{"line":10,"column":47}},"5":{"start":{"line":11,"column":4},"end":{"line":11,"column":18}},"6":{"start":{"line":13,"column":4},"end":{"line":13,"column":16}},"7":{"start":{"line":17,"column":0},"end":{"line":20,"column":1}}},"fnMap":{"0":{"name":"generateToken","decl":{"start":{"line":4,"column":9},"end":{"line":4,"column":22}},"loc":{"start":{"line":4,"column":32},"end":{"line":6,"column":1}},"line":4},"1":{"name":"verifyToken","decl":{"start":{"line":8,"column":9},"end":{"line":8,"column":20}},"loc":{"start":{"line":8,"column":28},"end":{"line":15,"column":1}},"line":8}},"branchMap":{},"s":{"0":1,"1":1,"2":2,"3":13,"4":13,"5":12,"6":1,"7":1},"f":{"0":2,"1":13},"b":{},"_coverageSchema":"1a1c01bbd47fc00a2c39e90264f33305004495a9","hash":"4e34044992defbe8463b81adc52dda48dc01b386"}
,"/home/cypher/socio-backend/middlewares/authentication.js": {"path":"/home/cypher/socio-backend/middlewares/authentication.js","statementMap":{"0":{"start":{"line":1,"column":13},"end":{"line":1,"column":41}},"1":{"start":{"line":2,"column":24},"end":{"line":2,"column":52}},"2":{"start":{"line":4,"column":23},"end":{"line":22,"column":1}},"3":{"start":{"line":5,"column":2},"end":{"line":21,"column":3}},"4":{"start":{"line":6,"column":29},"end":{"line":6,"column":40}},"5":{"start":{"line":8,"column":4},"end":{"line":8,"column":64}},"6":{"start":{"line":9,"column":4},"end":{"line":9,"column":64}},"7":{"start":{"line":9,"column":23},"end":{"line":9,"column":64}},"8":{"start":{"line":11,"column":20},"end":{"line":11,"column":45}},"9":{"start":{"line":12,"column":4},"end":{"line":12,"column":59}},"10":{"start":{"line":12,"column":18},"end":{"line":12,"column":59}},"11":{"start":{"line":14,"column":17},"end":{"line":14,"column":50}},"12":{"start":{"line":15,"column":4},"end":{"line":15,"column":57}},"13":{"start":{"line":15,"column":15},"end":{"line":15,"column":57}},"14":{"start":{"line":17,"column":4},"end":{"line":17,"column":19}},"15":{"start":{"line":18,"column":4},"end":{"line":18,"column":10}},"16":{"start":{"line":20,"column":4},"end":{"line":20,"column":13}},"17":{"start":{"line":24,"column":0},"end":{"line":24,"column":31}}},"fnMap":{"0":{"name":"(anonymous_0)","decl":{"start":{"line":4,"column":23},"end":{"line":4,"column":24}},"loc":{"start":{"line":4,"column":49},"end":{"line":22,"column":1}},"line":4}},"branchMap":{"0":{"loc":{"start":{"line":9,"column":4},"end":{"line":9,"column":64}},"type":"if","locations":[{"start":{"line":9,"column":4},"end":{"line":9,"column":64}},{"start":{"line":9,"column":4},"end":{"line":9,"column":64}}],"line":9},"1":{"loc":{"start":{"line":12,"column":4},"end":{"line":12,"column":59}},"type":"if","locations":[{"start":{"line":12,"column":4},"end":{"line":12,"column":59}},{"start":{"line":12,"column":4},"end":{"line":12,"column":59}}],"line":12},"2":{"loc":{"start":{"line":15,"column":4},"end":{"line":15,"column":57}},"type":"if","locations":[{"start":{"line":15,"column":4},"end":{"line":15,"column":57}},{"start":{"line":15,"column":4},"end":{"line":15,"column":57}}],"line":15}},"s":{"0":1,"1":1,"2":1,"3":18,"4":18,"5":18,"6":18,"7":5,"8":13,"9":13,"10":1,"11":12,"12":12,"13":1,"14":11,"15":11,"16":7,"17":1},"f":{"0":18},"b":{"0":[5,13],"1":[1,12],"2":[1,11]},"_coverageSchema":"1a1c01bbd47fc00a2c39e90264f33305004495a9","hash":"a0062f6de1917397fea9830901723ea7d88cce06"}
,"/home/cypher/socio-backend/middlewares/authorized.js": {"path":"/home/cypher/socio-backend/middlewares/authorized.js","statementMap":{"0":{"start":{"line":1,"column":21},"end":{"line":1,"column":39}},"1":{"start":{"line":3,"column":19},"end":{"line":20,"column":1}},"2":{"start":{"line":4,"column":2},"end":{"line":19,"column":3}},"3":{"start":{"line":5,"column":19},"end":{"line":5,"column":29}},"4":{"start":{"line":7,"column":4},"end":{"line":11,"column":5}},"5":{"start":{"line":12,"column":4},"end":{"line":14,"column":5}},"6":{"start":{"line":13,"column":6},"end":{"line":13,"column":48}},"7":{"start":{"line":16,"column":4},"end":{"line":16,"column":10}},"8":{"start":{"line":18,"column":4},"end":{"line":18,"column":13}},"9":{"start":{"line":22,"column":0},"end":{"line":22,"column":27}}},"fnMap":{"0":{"name":"(anonymous_0)","decl":{"start":{"line":3,"column":19},"end":{"line":3,"column":20}},"loc":{"start":{"line":3,"column":39},"end":{"line":20,"column":1}},"line":3}},"branchMap":{"0":{"loc":{"start":{"line":12,"column":4},"end":{"line":14,"column":5}},"type":"if","locations":[{"start":{"line":12,"column":4},"end":{"line":14,"column":5}},{"start":{"line":12,"column":4},"end":{"line":14,"column":5}}],"line":12}},"s":{"0":1,"1":1,"2":11,"3":11,"4":11,"5":11,"6":1,"7":10,"8":1,"9":1},"f":{"0":11},"b":{"0":[1,10]},"_coverageSchema":"1a1c01bbd47fc00a2c39e90264f33305004495a9","hash":"8225d1e3b990f111afdc143220b47253f1f91216"}
,"/home/cypher/socio-backend/middlewares/errorHandler.js": {"path":"/home/cypher/socio-backend/middlewares/errorHandler.js","statementMap":{"0":{"start":{"line":1,"column":0},"end":{"line":63,"column":1}},"1":{"start":{"line":2,"column":2},"end":{"line":2,"column":41}},"2":{"start":{"line":3,"column":2},"end":{"line":3,"column":44}},"3":{"start":{"line":4,"column":2},"end":{"line":4,"column":47}},"4":{"start":{"line":5,"column":19},"end":{"line":5,"column":22}},"5":{"start":{"line":6,"column":18},"end":{"line":6,"column":41}},"6":{"start":{"line":7,"column":16},"end":{"line":7,"column":35}},"7":{"start":{"line":9,"column":2},"end":{"line":60,"column":3}},"8":{"start":{"line":11,"column":6},"end":{"line":11,"column":22}},"9":{"start":{"line":12,"column":6},"end":{"line":12,"column":29}},"10":{"start":{"line":13,"column":6},"end":{"line":13,"column":46}},"11":{"start":{"line":14,"column":6},"end":{"line":14,"column":11}},"12":{"start":{"line":17,"column":6},"end":{"line":17,"column":22}},"13":{"start":{"line":18,"column":6},"end":{"line":18,"column":36}},"14":{"start":{"line":19,"column":6},"end":{"line":19,"column":45}},"15":{"start":{"line":20,"column":6},"end":{"line":20,"column":11}},"16":{"start":{"line":23,"column":6},"end":{"line":23,"column":22}},"17":{"start":{"line":24,"column":6},"end":{"line":24,"column":32}},"18":{"start":{"line":25,"column":6},"end":{"line":25,"column":36}},"19":{"start":{"line":26,"column":6},"end":{"line":26,"column":11}},"20":{"start":{"line":29,"column":6},"end":{"line":29,"column":22}},"21":{"start":{"line":30,"column":6},"end":{"line":30,"column":36}},"22":{"start":{"line":31,"column":6},"end":{"line":31,"column":49}},"23":{"start":{"line":32,"column":6},"end":{"line":32,"column":11}},"24":{"start":{"line":35,"column":6},"end":{"line":35,"column":22}},"25":{"start":{"line":36,"column":6},"end":{"line":36,"column":36}},"26":{"start":{"line":37,"column":6},"end":{"line":37,"column":48}},"27":{"start":{"line":38,"column":6},"end":{"line":38,"column":11}},"28":{"start":{"line":41,"column":6},"end":{"line":41,"column":22}},"29":{"start":{"line":42,"column":6},"end":{"line":42,"column":36}},"30":{"start":{"line":43,"column":6},"end":{"line":43,"column":41}},"31":{"start":{"line":44,"column":6},"end":{"line":44,"column":11}},"32":{"start":{"line":47,"column":6},"end":{"line":47,"column":22}},"33":{"start":{"line":48,"column":6},"end":{"line":48,"column":36}},"34":{"start":{"line":49,"column":6},"end":{"line":49,"column":31}},"35":{"start":{"line":50,"column":6},"end":{"line":50,"column":11}},"36":{"start":{"line":53,"column":6},"end":{"line":53,"column":22}},"37":{"start":{"line":54,"column":6},"end":{"line":54,"column":36}},"38":{"start":{"line":55,"column":6},"end":{"line":55,"column":38}},"39":{"start":{"line":56,"column":6},"end":{"line":56,"column":11}},"40":{"start":{"line":59,"column":6},"end":{"line":59,"column":11}},"41":{"start":{"line":62,"column":2},"end":{"line":62,"column":53}}},"fnMap":{"0":{"name":"(anonymous_0)","decl":{"start":{"line":1,"column":17},"end":{"line":1,"column":18}},"loc":{"start":{"line":1,"column":40},"end":{"line":63,"column":1}},"line":1}},"branchMap":{"0":{"loc":{"start":{"line":9,"column":2},"end":{"line":60,"column":3}},"type":"switch","locations":[{"start":{"line":10,"column":4},"end":{"line":14,"column":11}},{"start":{"line":16,"column":4},"end":{"line":20,"column":11}},{"start":{"line":22,"column":4},"end":{"line":26,"column":11}},{"start":{"line":28,"column":4},"end":{"line":32,"column":11}},{"start":{"line":34,"column":4},"end":{"line":38,"column":11}},{"start":{"line":40,"column":4},"end":{"line":44,"column":11}},{"start":{"line":46,"column":4},"end":{"line":50,"column":11}},{"start":{"line":52,"column":4},"end":{"line":56,"column":11}},{"start":{"line":58,"column":4},"end":{"line":59,"column":11}}],"line":9}},"s":{"0":1,"1":22,"2":22,"3":22,"4":22,"5":22,"6":22,"7":22,"8":1,"9":1,"10":1,"11":1,"12":1,"13":1,"14":1,"15":1,"16":6,"17":6,"18":6,"19":6,"20":2,"21":2,"22":2,"23":2,"24":1,"25":1,"26":1,"27":1,"28":2,"29":2,"30":2,"31":2,"32":5,"33":5,"34":5,"35":5,"36":3,"37":3,"38":3,"39":3,"40":1,"41":22},"f":{"0":22},"b":{"0":[1,1,6,2,1,2,5,3,1]},"_coverageSchema":"1a1c01bbd47fc00a2c39e90264f33305004495a9","hash":"69dc186c84bc5c6f087c27ddf3d12f87fe276e6a"}
,"/home/cypher/socio-backend/models/Mission.js": {"path":"/home/cypher/socio-backend/models/Mission.js","statementMap":{"0":{"start":{"line":1,"column":24},"end":{"line":1,"column":52}},"1":{"start":{"line":5,"column":4},"end":{"line":5,"column":64}},"2":{"start":{"line":9,"column":0},"end":{"line":9,"column":24}}},"fnMap":{"0":{"name":"(anonymous_0)","decl":{"start":{"line":4,"column":2},"end":{"line":4,"column":3}},"loc":{"start":{"line":4,"column":19},"end":{"line":6,"column":3}},"line":4}},"branchMap":{},"s":{"0":1,"1":1,"2":1},"f":{"0":1},"b":{},"_coverageSchema":"1a1c01bbd47fc00a2c39e90264f33305004495a9","hash":"5a8638f3c7b5a1f888d2aba93aa56ae7120b70e1"}
,"/home/cypher/socio-backend/models/User.js": {"path":"/home/cypher/socio-backend/models/User.js","statementMap":{"0":{"start":{"line":1,"column":21},"end":{"line":1,"column":39}},"1":{"start":{"line":2,"column":24},"end":{"line":2,"column":52}},"2":{"start":{"line":6,"column":4},"end":{"line":6,"column":63}},"3":{"start":{"line":10,"column":4},"end":{"line":10,"column":60}},"4":{"start":{"line":14,"column":4},"end":{"line":28,"column":7}},"5":{"start":{"line":32,"column":4},"end":{"line":46,"column":7}},"6":{"start":{"line":50,"column":4},"end":{"line":66,"column":7}},"7":{"start":{"line":69,"column":4},"end":{"line":83,"column":7}},"8":{"start":{"line":87,"column":0},"end":{"line":87,"column":21}}},"fnMap":{"0":{"name":"(anonymous_0)","decl":{"start":{"line":5,"column":2},"end":{"line":5,"column":3}},"loc":{"start":{"line":5,"column":24},"end":{"line":7,"column":3}},"line":5},"1":{"name":"(anonymous_1)","decl":{"start":{"line":9,"column":2},"end":{"line":9,"column":3}},"loc":{"start":{"line":9,"column":22},"end":{"line":11,"column":3}},"line":9},"2":{"name":"(anonymous_2)","decl":{"start":{"line":13,"column":2},"end":{"line":13,"column":3}},"loc":{"start":{"line":13,"column":29},"end":{"line":29,"column":3}},"line":13},"3":{"name":"(anonymous_3)","decl":{"start":{"line":31,"column":2},"end":{"line":31,"column":3}},"loc":{"start":{"line":31,"column":32},"end":{"line":47,"column":3}},"line":31},"4":{"name":"(anonymous_4)","decl":{"start":{"line":49,"column":2},"end":{"line":49,"column":3}},"loc":{"start":{"line":49,"column":32},"end":{"line":67,"column":3}},"line":49},"5":{"name":"(anonymous_5)","decl":{"start":{"line":68,"column":2},"end":{"line":68,"column":3}},"loc":{"start":{"line":68,"column":36},"end":{"line":84,"column":3}},"line":68}},"branchMap":{},"s":{"0":1,"1":1,"2":17,"3":1,"4":1,"5":1,"6":1,"7":1,"8":1},"f":{"0":17,"1":1,"2":1,"3":1,"4":1,"5":1},"b":{},"_coverageSchema":"1a1c01bbd47fc00a2c39e90264f33305004495a9","hash":"5d6fe17013f6244a8b2c586cf4d58926db6c81c7"}
,"/home/cypher/socio-backend/routes/index.js": {"path":"/home/cypher/socio-backend/routes/index.js","statementMap":{"0":{"start":{"line":1,"column":19},"end":{"line":1,"column":37}},"1":{"start":{"line":2,"column":15},"end":{"line":2,"column":23}},"2":{"start":{"line":3,"column":18},"end":{"line":3,"column":40}},"3":{"start":{"line":6,"column":0},"end":{"line":6,"column":31}},"4":{"start":{"line":9,"column":0},"end":{"line":9,"column":23}}},"fnMap":{},"branchMap":{},"s":{"0":1,"1":1,"2":1,"3":1,"4":1},"f":{},"b":{},"_coverageSchema":"1a1c01bbd47fc00a2c39e90264f33305004495a9","hash":"d4f3e102d87c888a9fdd556eabc007123b6be50c"}
,"/home/cypher/socio-backend/routes/userRoute.js": {"path":"/home/cypher/socio-backend/routes/userRoute.js","statementMap":{"0":{"start":{"line":1,"column":19},"end":{"line":1,"column":37}},"1":{"start":{"line":2,"column":15},"end":{"line":2,"column":23}},"2":{"start":{"line":4,"column":23},"end":{"line":4,"column":63}},"3":{"start":{"line":7,"column":23},"end":{"line":7,"column":66}},"4":{"start":{"line":8,"column":19},"end":{"line":8,"column":58}},"5":{"start":{"line":10,"column":0},"end":{"line":10,"column":43}},"6":{"start":{"line":11,"column":0},"end":{"line":11,"column":49}},"7":{"start":{"line":12,"column":0},"end":{"line":12,"column":74}},"8":{"start":{"line":13,"column":0},"end":{"line":13,"column":86}},"9":{"start":{"line":14,"column":0},"end":{"line":14,"column":92}},"10":{"start":{"line":15,"column":0},"end":{"line":15,"column":80}},"11":{"start":{"line":16,"column":0},"end":{"line":16,"column":88}},"12":{"start":{"line":18,"column":0},"end":{"line":18,"column":23}}},"fnMap":{},"branchMap":{},"s":{"0":1,"1":1,"2":1,"3":1,"4":1,"5":1,"6":1,"7":1,"8":1,"9":1,"10":1,"11":1,"12":1},"f":{},"b":{},"_coverageSchema":"1a1c01bbd47fc00a2c39e90264f33305004495a9","hash":"03fe931c05a8cf874d64b9853c760d9c417587f8"}
}
