TN:
SF:app.js
FNF:0
FNH:0
DA:1,1
DA:2,1
DA:3,1
DA:4,1
DA:6,1
DA:7,1
DA:9,1
DA:10,1
DA:12,1
LF:9
LH:9
BRF:0
BRH:0
end_of_record
TN:
SF:config/constants.js
FNF:0
FNH:0
DA:1,1
DA:2,1
DA:3,1
DA:5,1
LF:4
LH:4
BRF:0
BRH:0
end_of_record
TN:
SF:config/mongodb.js
FN:8,connect
FN:22,getDatabase
FN:26,close
FNF:3
FNH:3
FNDA:1,connect
FNDA:24,getDatabase
FNDA:1,close
DA:1,1
DA:2,1
DA:4,1
DA:5,1
DA:6,1
DA:9,1
DA:10,1
DA:11,1
DA:12,1
DA:13,1
DA:14,1
DA:16,1
DA:18,0
DA:23,24
DA:27,1
DA:30,1
LF:16
LH:15
BRF:0
BRH:0
end_of_record
TN:
SF:controllers/UserController.js
FN:7,(anonymous_0)
FN:35,(anonymous_1)
FN:92,(anonymous_2)
FN:114,(anonymous_3)
FN:141,(anonymous_4)
FN:172,(anonymous_5)
FN:219,(anonymous_6)
FNF:7
FNH:7
FNDA:6,(anonymous_0)
FNDA:4,(anonymous_1)
FNDA:1,(anonymous_2)
FNDA:1,(anonymous_3)
FNDA:4,(anonymous_4)
FNDA:2,(anonymous_5)
FNDA:2,(anonymous_6)
DA:1,1
DA:2,1
DA:3,1
DA:4,1
DA:8,6
DA:9,6
DA:10,6
DA:12,4
DA:14,3
DA:16,3
DA:17,1
DA:20,2
DA:21,1
DA:24,1
DA:29,1
DA:31,5
DA:36,4
DA:37,4
DA:38,4
DA:39,3
DA:41,1
DA:43,1
DA:44,1
DA:46,1
DA:66,1
DA:67,1
DA:72,1
DA:88,3
DA:93,1
DA:94,1
DA:95,1
DA:110,0
DA:115,1
DA:116,1
DA:117,1
DA:118,1
DA:122,1
DA:137,0
DA:142,4
DA:143,4
DA:144,4
DA:145,4
DA:146,3
DA:147,1
DA:153,1
DA:168,3
DA:173,2
DA:174,2
DA:181,2
DA:183,2
DA:190,1
DA:193,1
DA:201,1
DA:216,1
DA:220,2
DA:221,2
DA:222,2
DA:224,2
DA:225,1
DA:228,1
DA:234,1
DA:249,1
DA:254,1
LF:63
LH:61
BRDA:10,0,0,2
BRDA:10,0,1,4
BRDA:10,1,0,6
BRDA:10,1,1,5
BRDA:12,2,0,1
BRDA:12,2,1,3
BRDA:16,3,0,1
BRDA:16,3,1,2
BRDA:20,4,0,1
BRDA:20,4,1,1
BRDA:38,5,0,3
BRDA:38,5,1,1
BRDA:38,6,0,4
BRDA:38,6,1,3
BRDA:38,6,2,2
BRDA:44,7,0,0
BRDA:44,7,1,1
BRDA:145,8,0,3
BRDA:145,8,1,1
BRDA:145,9,0,4
BRDA:145,9,1,3
BRDA:145,9,2,2
BRDA:183,10,0,1
BRDA:183,10,1,1
BRDA:184,11,0,2
BRDA:184,11,1,1
BRDA:184,11,2,1
BRDA:184,11,3,1
BRDA:184,11,4,1
BRDA:224,12,0,1
BRDA:224,12,1,1
BRDA:224,13,0,2
BRDA:224,13,1,1
BRDA:224,13,2,1
BRF:34
BRH:33
end_of_record
TN:
SF:helpers/bcrypt.js
FN:3,(anonymous_0)
FN:8,(anonymous_1)
FNF:2
FNH:2
FNDA:1,(anonymous_0)
FNDA:2,(anonymous_1)
DA:1,1
DA:3,1
DA:4,1
DA:5,1
DA:8,1
DA:9,2
DA:12,1
LF:7
LH:7
BRF:0
BRH:0
end_of_record
TN:
SF:helpers/jwt.js
FN:4,generateToken
FN:8,verifyToken
FNF:2
FNH:2
FNDA:2,generateToken
FNDA:13,verifyToken
DA:1,1
DA:2,1
DA:5,2
DA:9,13
DA:10,13
DA:11,12
DA:13,1
DA:17,1
LF:8
LH:8
BRF:0
BRH:0
end_of_record
TN:
SF:middlewares/authentication.js
FN:4,(anonymous_0)
FNF:1
FNH:1
FNDA:18,(anonymous_0)
DA:1,1
DA:2,1
DA:4,1
DA:5,18
DA:6,18
DA:7,18
DA:8,18
DA:9,13
DA:10,13
DA:11,12
DA:12,12
DA:13,11
DA:14,11
DA:16,7
DA:20,1
LF:15
LH:15
BRDA:8,0,0,5
BRDA:8,0,1,13
BRDA:10,1,0,1
BRDA:10,1,1,12
BRDA:12,2,0,1
BRDA:12,2,1,11
BRF:6
BRH:6
end_of_record
TN:
SF:middlewares/authorized.js
FN:3,(anonymous_0)
FNF:1
FNH:1
FNDA:11,(anonymous_0)
DA:1,1
DA:3,1
DA:4,11
DA:5,11
DA:6,11
DA:7,10
DA:9,1
DA:13,1
LF:8
LH:8
BRDA:6,0,0,1
BRDA:6,0,1,10
BRF:2
BRH:2
end_of_record
TN:
SF:middlewares/errorHandler.js
FN:1,(anonymous_0)
FNF:1
FNH:1
FNDA:21,(anonymous_0)
DA:1,1
DA:2,21
DA:3,21
DA:4,21
DA:5,21
DA:6,21
DA:7,21
DA:9,21
DA:12,1
DA:13,1
DA:14,1
DA:15,1
DA:19,1
DA:20,1
DA:21,1
DA:22,1
DA:25,6
DA:26,6
DA:27,6
DA:28,6
DA:31,2
DA:32,2
DA:33,2
DA:34,2
DA:37,2
DA:38,2
DA:39,2
DA:40,2
DA:43,5
DA:44,5
DA:45,5
DA:46,5
DA:49,3
DA:50,3
DA:51,3
DA:52,3
DA:55,1
DA:58,21
LF:38
LH:38
BRDA:9,0,0,1
BRDA:9,0,1,1
BRDA:9,0,2,6
BRDA:9,0,3,2
BRDA:9,0,4,2
BRDA:9,0,5,5
BRDA:9,0,6,3
BRDA:9,0,7,1
BRF:8
BRH:8
end_of_record
TN:
SF:models/Mission.js
FN:4,(anonymous_0)
FNF:1
FNH:1
FNDA:1,(anonymous_0)
DA:1,1
DA:5,1
DA:9,1
LF:3
LH:3
BRF:0
BRH:0
end_of_record
TN:
SF:models/User.js
FN:5,(anonymous_0)
FN:9,(anonymous_1)
FN:13,(anonymous_2)
FN:31,(anonymous_3)
FN:49,(anonymous_4)
FN:68,(anonymous_5)
FNF:6
FNH:6
FNDA:16,(anonymous_0)
FNDA:1,(anonymous_1)
FNDA:1,(anonymous_2)
FNDA:1,(anonymous_3)
FNDA:1,(anonymous_4)
FNDA:1,(anonymous_5)
DA:1,1
DA:2,1
DA:6,16
DA:10,1
DA:14,1
DA:32,1
DA:50,1
DA:69,1
DA:87,1
LF:9
LH:9
BRF:0
BRH:0
end_of_record
TN:
SF:routes/index.js
FNF:0
FNH:0
DA:1,1
DA:2,1
DA:3,1
DA:6,1
DA:9,1
LF:5
LH:5
BRF:0
BRH:0
end_of_record
TN:
SF:routes/userRoute.js
FNF:0
FNH:0
DA:1,1
DA:2,1
DA:4,1
DA:7,1
DA:8,1
DA:10,1
DA:11,1
DA:12,1
DA:13,1
DA:14,1
DA:15,1
DA:16,1
DA:18,1
LF:13
LH:13
BRF:0
BRH:0
end_of_record
