TN:
SF:app.js
FNF:0
FNH:0
DA:1,1
DA:2,1
DA:3,1
DA:4,1
DA:6,1
DA:7,1
DA:9,1
DA:10,1
DA:12,1
LF:9
LH:9
BRF:0
BRH:0
end_of_record
TN:
SF:config/constants.js
FNF:0
FNH:0
DA:1,1
DA:2,1
DA:3,1
DA:5,1
LF:4
LH:4
BRF:0
BRH:0
end_of_record
TN:
SF:config/mongodb.js
FN:8,connect
FN:21,getDatabase
FN:25,close
FNF:3
FNH:3
FNDA:1,connect
FNDA:24,getDatabase
FNDA:1,close
DA:1,1
DA:2,1
DA:4,1
DA:5,1
DA:6,1
DA:9,1
DA:10,1
DA:11,1
DA:12,1
DA:13,1
DA:15,1
DA:17,0
DA:22,24
DA:26,1
DA:29,1
LF:15
LH:14
BRF:0
BRH:0
end_of_record
TN:
SF:controllers/UserController.js
FN:7,(anonymous_0)
FN:50,(anonymous_1)
FN:110,(anonymous_2)
FN:133,(anonymous_3)
FN:161,(anonymous_4)
FN:193,(anonymous_5)
FN:241,(anonymous_6)
FNF:7
FNH:7
FNDA:6,(anonymous_0)
FNDA:4,(anonymous_1)
FNDA:1,(anonymous_2)
FNDA:1,(anonymous_3)
FNDA:4,(anonymous_4)
FNDA:2,(anonymous_5)
FNDA:2,(anonymous_6)
DA:1,1
DA:2,1
DA:3,1
DA:4,1
DA:8,6
DA:9,6
DA:10,6
DA:12,4
DA:14,3
DA:16,3
DA:17,1
DA:20,2
DA:21,1
DA:24,1
DA:29,1
DA:46,5
DA:51,4
DA:52,4
DA:53,4
DA:54,3
DA:56,1
DA:58,1
DA:59,1
DA:61,1
DA:81,1
DA:82,1
DA:87,1
DA:89,1
DA:106,3
DA:111,1
DA:112,1
DA:113,1
DA:129,0
DA:134,1
DA:135,1
DA:136,1
DA:137,1
DA:141,1
DA:157,0
DA:162,4
DA:163,4
DA:164,4
DA:165,4
DA:166,3
DA:167,1
DA:173,1
DA:189,3
DA:194,2
DA:195,2
DA:202,2
DA:204,2
DA:211,1
DA:214,1
DA:222,1
DA:238,1
DA:242,2
DA:243,2
DA:244,2
DA:246,2
DA:247,1
DA:250,1
DA:256,1
DA:272,1
DA:277,1
LF:64
LH:62
BRDA:10,0,0,2
BRDA:10,0,1,4
BRDA:10,1,0,6
BRDA:10,1,1,5
BRDA:12,2,0,1
BRDA:12,2,1,3
BRDA:16,3,0,1
BRDA:16,3,1,2
BRDA:20,4,0,1
BRDA:20,4,1,1
BRDA:53,5,0,3
BRDA:53,5,1,1
BRDA:53,6,0,4
BRDA:53,6,1,3
BRDA:53,6,2,2
BRDA:59,7,0,0
BRDA:59,7,1,1
BRDA:165,8,0,3
BRDA:165,8,1,1
BRDA:165,9,0,4
BRDA:165,9,1,3
BRDA:165,9,2,2
BRDA:204,10,0,1
BRDA:204,10,1,1
BRDA:205,11,0,2
BRDA:205,11,1,1
BRDA:205,11,2,1
BRDA:205,11,3,1
BRDA:205,11,4,1
BRDA:246,12,0,1
BRDA:246,12,1,1
BRDA:246,13,0,2
BRDA:246,13,1,1
BRDA:246,13,2,1
BRF:34
BRH:33
end_of_record
TN:
SF:helpers/bcrypt.js
FN:3,(anonymous_0)
FN:8,(anonymous_1)
FNF:2
FNH:2
FNDA:1,(anonymous_0)
FNDA:2,(anonymous_1)
DA:1,1
DA:3,1
DA:4,1
DA:5,1
DA:8,1
DA:9,2
DA:12,1
LF:7
LH:7
BRF:0
BRH:0
end_of_record
TN:
SF:helpers/jwt.js
FN:4,generateToken
FN:8,verifyToken
FNF:2
FNH:2
FNDA:2,generateToken
FNDA:13,verifyToken
DA:1,1
DA:2,1
DA:5,2
DA:9,13
DA:10,13
DA:11,12
DA:13,1
DA:17,1
LF:8
LH:8
BRF:0
BRH:0
end_of_record
TN:
SF:middlewares/authentication.js
FN:4,(anonymous_0)
FNF:1
FNH:1
FNDA:18,(anonymous_0)
DA:1,1
DA:2,1
DA:4,1
DA:5,18
DA:6,18
DA:7,18
DA:8,18
DA:9,13
DA:10,13
DA:11,12
DA:12,12
DA:13,11
DA:14,11
DA:15,11
DA:17,7
DA:21,1
LF:16
LH:16
BRDA:8,0,0,5
BRDA:8,0,1,13
BRDA:10,1,0,1
BRDA:10,1,1,12
BRDA:12,2,0,1
BRDA:12,2,1,11
BRF:6
BRH:6
end_of_record
TN:
SF:middlewares/authorized.js
FN:3,(anonymous_0)
FNF:1
FNH:1
FNDA:11,(anonymous_0)
DA:1,1
DA:3,1
DA:4,11
DA:5,11
DA:6,11
DA:7,11
DA:8,1
DA:9,1
DA:10,1
DA:12,10
DA:14,1
DA:18,1
LF:12
LH:12
BRDA:7,0,0,1
BRDA:7,0,1,10
BRF:2
BRH:2
end_of_record
TN:
SF:middlewares/errorHandler.js
FN:1,(anonymous_0)
FNF:1
FNH:1
FNDA:21,(anonymous_0)
DA:1,1
DA:5,21
DA:6,21
DA:7,21
DA:9,21
DA:12,1
DA:13,1
DA:14,1
DA:15,1
DA:19,1
DA:20,1
DA:21,1
DA:22,1
DA:25,6
DA:26,6
DA:27,6
DA:28,6
DA:31,2
DA:32,2
DA:33,2
DA:34,2
DA:37,2
DA:38,2
DA:39,2
DA:40,2
DA:43,5
DA:44,5
DA:45,5
DA:46,5
DA:49,3
DA:50,3
DA:51,3
DA:52,3
DA:55,1
DA:58,21
LF:35
LH:35
BRDA:9,0,0,1
BRDA:9,0,1,1
BRDA:9,0,2,6
BRDA:9,0,3,2
BRDA:9,0,4,2
BRDA:9,0,5,5
BRDA:9,0,6,3
BRDA:9,0,7,1
BRF:8
BRH:8
end_of_record
TN:
SF:models/Mission.js
FN:4,(anonymous_0)
FNF:1
FNH:1
FNDA:1,(anonymous_0)
DA:1,1
DA:5,1
DA:9,1
LF:3
LH:3
BRF:0
BRH:0
end_of_record
TN:
SF:models/User.js
FN:5,(anonymous_0)
FN:9,(anonymous_1)
FN:13,(anonymous_2)
FN:31,(anonymous_3)
FN:49,(anonymous_4)
FN:68,(anonymous_5)
FNF:6
FNH:6
FNDA:16,(anonymous_0)
FNDA:1,(anonymous_1)
FNDA:1,(anonymous_2)
FNDA:1,(anonymous_3)
FNDA:1,(anonymous_4)
FNDA:1,(anonymous_5)
DA:1,1
DA:2,1
DA:6,16
DA:10,1
DA:14,1
DA:32,1
DA:50,1
DA:69,1
DA:87,1
LF:9
LH:9
BRF:0
BRH:0
end_of_record
TN:
SF:routes/index.js
FNF:0
FNH:0
DA:1,1
DA:2,1
DA:3,1
DA:6,1
DA:9,1
LF:5
LH:5
BRF:0
BRH:0
end_of_record
TN:
SF:routes/userRoute.js
FNF:0
FNH:0
DA:1,1
DA:2,1
DA:4,1
DA:7,1
DA:8,1
DA:10,1
DA:11,1
DA:12,1
DA:13,1
DA:14,1
DA:15,1
DA:16,1
DA:18,1
LF:13
LH:13
BRF:0
BRH:0
end_of_record
